// 重构日志: aff71bc9
// 重构日志: 63e9fe76
// 重构日志: cddac606
// 重构日志: e9bec246
// 同步 ID: dd31fc1e @ Wed Jun 17 00:45:35 UTC 2026
// 同步 ID: 8b87e9c1 @ Wed Jun 17 13:38:50 UTC 2026
// 同步 ID: 87e9d554 @ Mon Jun 22 17:02:29 UTC 2026
// 重构日志: 77c56db6
// 同步 ID: 19447ae4 @ Wed Jun 24 16:58:53 UTC 2026
// 重构日志: d09cbc3d
// 同步 ID: c839106b @ Thu Jun 25 12:43:19 UTC 2026
// 重构日志: 741c82c5
// 重构日志: 55967641
// 同步 ID: 0572d64c @ Fri Jun 26 05:44:12 UTC 2026
// 重构日志: e7999894
// 同步 ID: 40512cfe @ Sat Jun 27 16:52:53 UTC 2026
// 重构日志: c8e50045
// 重构日志: 598801b4
// 重构日志: f9c9480b
// 重构日志: a664b7f3
// 重构日志: 461c9a5f
// 重构日志: 1beaff74
// 重构日志: 53add7a1
// 重构日志: b369f39f
// 重构日志: c7e6c5c5
// 重构日志: 11a7df77
// 重构日志: 68651757
// 同步 ID: 67d9062d @ Sat Jul  4 10:26:22 UTC 2026
